\BOOKMARK [1][]{section.1}{\376\377\004\022\004\062\004\065\004\064\004\065\004\075\004\070\004\065}{}% 1
\BOOKMARK [1][]{section.2}{\376\377\004\042\004\065\004\076\004\100\004\065\004\102\004\070\004\107\004\065\004\101\004\072\004\070\004\071\000\040\004\072\004\076\004\075\004\102\004\065\004\072\004\101\004\102\000\040\004\070\000\040\004\101\004\062\004\117\004\067\004\060\004\075\004\075\004\113\004\065\000\040\004\100\004\060\004\061\004\076\004\102\004\113}{}% 2
\BOOKMARK [2][]{subsection.2.1}{\376\377\004\042\004\060\004\072\004\101\004\076\004\075\004\076\004\074\004\070\004\117\000\040\004\072\004\100\004\065\004\060\004\102\004\070\004\062\004\075\004\076\004\101\004\102\004\070\000\040\004\021\004\076\004\064\004\065\004\075}{section.2}% 3
\BOOKMARK [2][]{subsection.2.2}{\376\377\004\035\004\060\004\110\004\065\000\040\004\100\004\060\004\101\004\110\004\070\004\100\004\065\004\075\004\070\004\065\000:\000\040\004\076\004\075\004\102\004\076\004\073\004\076\004\063\004\070\004\107\004\065\004\101\004\072\004\060\004\117\000\040\004\072\004\100\004\065\004\060\004\102\004\070\004\062\004\075\004\076\004\101\004\102\004\114}{section.2}% 4
\BOOKMARK [2][]{subsection.2.3}{\376\377\004\044\004\076\004\100\004\074\004\060\004\073\004\114\004\075\004\113\004\065\000\040\004\100\004\065\004\077\004\100\004\065\004\067\004\065\004\075\004\102\004\060\004\106\004\070\004\076\004\075\004\075\004\113\004\065\000\040\004\076\004\063\004\100\004\060\004\075\004\070\004\107\004\065\004\075\004\070\004\117}{section.2}% 5
\BOOKMARK [2][]{subsection.2.4}{\376\377\004\037\004\100\004\076\004\061\004\073\004\065\004\074\004\113\000\040\004\076\004\106\004\065\004\075\004\072\004\070\000\040\004\062\000\040\004\062\004\113\004\107\004\070\004\101\004\073\004\070\004\102\004\065\004\073\004\114\004\075\004\076\004\071\000\040\004\072\004\100\004\065\004\060\004\102\004\070\004\062\004\075\004\076\004\101\004\102\004\070}{section.2}% 6
\BOOKMARK [1][]{section.3}{\376\377\004\034\004\060\004\102\004\065\004\100\004\070\004\060\004\073\004\113\000\040\004\070\000\040\004\074\004\065\004\102\004\076\004\064\004\113}{}% 7
\BOOKMARK [2][]{subsection.3.1}{\376\377\004\034\004\103\004\073\004\114\004\102\004\070\004\074\004\076\004\064\004\060\004\073\004\114\004\075\004\060\004\117\000\040\004\101\004\065\004\075\004\101\004\076\004\100\004\075\004\060\004\117\000\040\004\076\004\075\004\102\004\076\004\073\004\076\004\063\004\070\004\117}{section.3}% 8
\BOOKMARK [2][]{subsection.3.2}{\376\377\004\036\004\077\004\100\004\065\004\064\004\065\004\073\004\065\004\075\004\070\004\065\000\040\004\067\004\060\004\064\004\060\004\107\004\070\000\040\004\070\000\040\004\072\004\076\004\075\004\102\004\100\004\060\004\072\004\102\000\040\004\077\004\100\004\076\004\074\004\077\004\102\004\060}{section.3}% 9
\BOOKMARK [2][]{subsection.3.3}{\376\377\004\034\004\076\004\064\004\065\004\073\004\070\000\040\004\070\000\040\004\100\004\065\004\060\004\073\004\070\004\067\004\060\004\106\004\070\004\117}{section.3}% 10
\BOOKMARK [2][]{subsection.3.4}{\376\377\004\037\004\100\004\076\004\102\004\076\004\072\004\076\004\073\000\040\004\076\004\106\004\065\004\075\004\072\004\070}{section.3}% 11
\BOOKMARK [3][]{section*.2}{\376\377\004\042\004\100\004\060\004\101\004\101\004\070\004\100\004\103\004\065\004\074\004\076\004\101\004\102\004\114\000\040\004\062\000\040\004\073\004\070\004\102\004\065\004\100\004\060\004\102\004\103\004\100\004\065\000.}{subsection.3.4}% 12
\BOOKMARK [4][]{section*.3}{\376\377\004\041\004\102\004\100\004\103\004\072\004\102\004\103\004\100\004\075\004\060\004\117\000\040\004\064\004\065\004\072\004\076\004\074\004\077\004\076\004\067\004\070\004\106\004\070\004\117\000.}{section*.2}% 13
\BOOKMARK [4][]{section*.4}{\376\377\004\020\004\075\004\060\004\073\004\070\004\067\000\040\004\062\004\113\004\077\004\103\004\072\004\073\004\076\004\071\000\040\004\076\004\061\004\076\004\073\004\076\004\107\004\072\004\070\000\040\004\062\000\040\004\077\004\100\004\076\004\101\004\102\004\100\004\060\004\075\004\101\004\102\004\062\004\065\000\040\004\115\004\074\004\061\004\065\004\064\004\064\004\070\004\075\004\063\004\076\004\062\000.}{section*.2}% 14
\BOOKMARK [4][]{section*.5}{\376\377\004\035\004\065\004\077\004\100\004\065\004\100\004\113\004\062\004\075\004\060\004\117\000\040\004\076\004\106\004\065\004\075\004\072\004\060\000\040\004\075\004\076\004\062\004\070\004\067\004\075\004\113\000.}{section*.2}% 15
\BOOKMARK [1][]{section.4}{\376\377\004\040\004\065\004\067\004\103\004\073\004\114\004\102\004\060\004\102\004\113}{}% 16
\BOOKMARK [2][]{subsection.4.1}{\376\377\004\036\004\101\004\075\004\076\004\062\004\075\004\113\004\065\000\040\004\100\004\065\004\067\004\103\004\073\004\114\004\102\004\060\004\102\004\113}{section.4}% 17
\BOOKMARK [2][]{subsection.4.2}{\376\377\004\041\004\102\004\100\004\103\004\072\004\102\004\103\004\100\004\075\004\060\004\117\000\040\004\064\004\065\004\072\004\076\004\074\004\077\004\076\004\067\004\070\004\106\004\070\004\117}{section.4}% 18
\BOOKMARK [2][]{subsection.4.3}{\376\377\004\023\004\065\004\076\004\074\004\065\004\102\004\100\004\070\004\117\000\040\004\077\004\100\004\076\004\101\004\102\004\100\004\060\004\075\004\101\004\102\004\062\004\060\000\040\004\115\004\074\004\061\004\065\004\064\004\064\004\070\004\075\004\063\004\076\004\062}{section.4}% 19
\BOOKMARK [2][]{subsection.4.4}{\376\377\004\041\004\100\004\060\004\062\004\075\004\065\004\075\004\070\004\065\000\040\004\074\004\076\004\064\004\065\004\073\004\065\004\071}{section.4}% 20
\BOOKMARK [2][]{subsection.4.5}{\376\377\004\041\004\062\004\076\004\064\004\072\004\060\000\040\004\100\004\065\004\067\004\103\004\073\004\114\004\102\004\060\004\102\004\076\004\062}{section.4}% 21
\BOOKMARK [1][]{section.5}{\376\377\004\036\004\061\004\101\004\103\004\066\004\064\004\065\004\075\004\070\004\065}{}% 22
\BOOKMARK [2][]{subsection.5.1}{\376\377\004\030\004\075\004\102\004\065\004\100\004\077\004\100\004\065\004\102\004\060\004\106\004\070\004\117\000\040\004\107\004\065\004\100\004\065\004\067\000\040\004\076\004\063\004\100\004\060\004\075\004\070\004\107\004\065\004\075\004\075\004\076\004\065\000\040\004\074\004\075\004\076\004\063\004\076\004\076\004\061\004\100\004\060\004\067\004\070\004\065}{section.5}% 23
\BOOKMARK [2][]{subsection.5.2}{\376\377\004\041\004\062\004\117\004\067\004\114\000\040\004\101\000\040\004\102\004\060\004\072\004\101\004\076\004\075\004\076\004\074\004\070\004\065\004\071\000\040\004\072\004\100\004\065\004\060\004\102\004\070\004\062\004\075\004\076\004\101\004\102\004\070}{section.5}% 24
\BOOKMARK [2][]{subsection.5.3}{\376\377\004\020\004\073\004\114\004\102\004\065\004\100\004\075\004\060\004\102\004\070\004\062\004\075\004\113\004\065\000\040\004\076\004\061\004\112\004\117\004\101\004\075\004\065\004\075\004\070\004\117}{section.5}% 25
\BOOKMARK [3][]{section*.6}{\376\377\004\034\004\060\004\101\004\110\004\102\004\060\004\061\000.}{subsection.5.3}% 26
\BOOKMARK [4][]{section*.7}{\376\377\004\047\004\103\004\062\004\101\004\102\004\062\004\070\004\102\004\065\004\073\004\114\004\075\004\076\004\101\004\102\004\114\000\040\004\072\000\040\004\067\004\060\004\077\004\100\004\076\004\101\004\103\000.}{section*.6}% 27
\BOOKMARK [4][]{section*.8}{\376\377\004\047\004\103\004\062\004\101\004\102\004\062\004\070\004\102\004\065\004\073\004\114\004\075\004\076\004\101\004\102\004\114\000\040\004\076\004\106\004\065\004\075\004\072\004\070\000.}{section*.6}% 28
\BOOKMARK [4][]{section*.9}{\376\377\004\040\004\065\004\072\004\076\004\074\004\061\004\070\004\075\004\060\004\106\004\070\004\117\000\040\004\072\004\060\004\072\000\040\004\075\004\076\004\100\004\074\004\060\000.}{section*.6}% 29
\BOOKMARK [2][]{subsection.5.4}{\376\377\004\030\004\074\004\077\004\073\004\070\004\072\004\060\004\106\004\070\004\070}{section.5}% 30
\BOOKMARK [1][]{section.6}{\376\377\004\036\004\063\004\100\004\060\004\075\004\070\004\107\004\065\004\075\004\070\004\117\000\040\004\070\004\101\004\101\004\073\004\065\004\064\004\076\004\062\004\060\004\075\004\070\004\117}{}% 31
\BOOKMARK [1][]{section.7}{\376\377\004\024\004\076\004\101\004\102\004\103\004\077\004\075\004\076\004\101\004\102\004\114\000\040\004\064\004\060\004\075\004\075\004\113\004\105\000\040\004\070\000\040\004\072\004\076\004\064\004\060}{}% 32
